<?xml version="1.0" encoding="UTF-8" ?>
<testsuite errors="0" failures="1" hostname="iee-lab-53245" name="cloud.rest.core.introspect.OneToOneSpec" tests="1" time="0.481" timestamp="2014-10-24T11:06:30">
  <properties />
  <testcase classname="cloud.rest.core.introspect.OneToOneSpec" name="Test persist and retrieve one-to-one with inverse key" time="0.481">
    <failure message="Condition not satisfied:&#xa;&#xa;association.bidirectional&#xa;|           |&#xa;|           false&#xa;test.Face-&gt;nose&#xa;" type="junit.framework.AssertionFailedError">junit.framework.AssertionFailedError: Condition not satisfied:

association.bidirectional
|           |
|           false
test.Face-&gt;nose

	at cloud.rest.core.introspect.OneToOneSpec.Test persist and retrieve one-to-one with inverse key(OneToOneSpec.groovy:37)
</failure>
  </testcase>
  <system-out><![CDATA[--Output from Test persist and retrieve one-to-one with inverse key--
]]></system-out>
  <system-err><![CDATA[--Output from Test persist and retrieve one-to-one with inverse key--
]]></system-err>
</testsuite>
